<?xml version="1.0" encoding="UTF-8"?>
<!-- Generated by org.testng.reporters.JUnitReportReporter -->
<testsuite hostname="LAPTOP-SUROD588" failures="0" tests="1" name="unittest.DeletTest" time="2.269" errors="0" timestamp="2023-03-18T22:05:22 PDT" skipped="0">
  <testcase classname="unittest.DeletTest" name="deletTest" time="2.269"/>
  <system-out/>
</testsuite> <!-- unittest.DeletTest -->
