<?xml version="1.0" encoding="UTF-8"?>
<!-- Generated by org.testng.reporters.JUnitReportReporter -->
<testsuite hostname="LAPTOP-SUROD588" failures="0" tests="1" name="functionalTest.GetListUsersIdTest" time="0.496" errors="0" timestamp="2023-03-18T22:08:23 PDT" skipped="0">
  <testcase classname="functionalTest.GetListUsersIdTest" name="getPages" time="0.496"/>
  <system-out/>
</testsuite> <!-- functionalTest.GetListUsersIdTest -->
