<?xml version="1.0" encoding="UTF-8"?>
<!-- Generated by org.testng.reporters.JUnitReportReporter -->
<testsuite hostname="LAPTOP-SUROD588" failures="0" tests="1" name="unittest.PutTest" time="2.387" errors="0" timestamp="2023-03-18T22:04:48 PDT" skipped="0">
  <testcase classname="unittest.PutTest" name="putTest" time="2.387"/>
  <system-out/>
</testsuite> <!-- unittest.PutTest -->
