<?xml version="1.0" encoding="UTF-8"?>
<!-- Generated by org.testng.reporters.JUnitReportReporter -->
<testsuite hostname="LAPTOP-SUROD588" failures="0" tests="1" name="functionalTest.GetPagesTest" time="0.413" errors="0" timestamp="2023-03-15T03:21:33 PDT" skipped="0">
  <testcase classname="functionalTest.GetPagesTest" name="getPages" time="0.413"/>
  <system-out/>
</testsuite> <!-- functionalTest.GetPagesTest -->
