<?xml version="1.0" encoding="UTF-8"?>
<!-- Generated by org.testng.reporters.JUnitReportReporter -->
<testsuite hostname="LAPTOP-SUROD588" failures="0" tests="6" name="unittest.PostTest" time="4.360" errors="0" timestamp="2023-03-18T22:03:48 PDT" skipped="0">
  <testcase classname="unittest.PostTest" name="postTestStringBody" time="2.324"/>
  <system-out/>
  <testcase classname="unittest.PostTest" name="postTestStringBody400" time="0.517"/>
  <system-out/>
  <testcase classname="unittest.PostTest" name="postTestFileBody500" time="0.331"/>
  <system-out/>
  <testcase classname="unittest.PostTest" name="postTestInputStreamBody" time="0.334"/>
  <system-out/>
  <testcase classname="unittest.PostTest" name="postTestByteBody" time="0.361"/>
  <system-out/>
  <testcase classname="unittest.PostTest" name="postTestMapBody" time="0.493"/>
  <system-out/>
</testsuite> <!-- unittest.PostTest -->
